<?xml version="1.0" encoding="utf-8"?>
<coverage line-rate="0.8012999999999999" branch-rate="0.6285000000000001" version="1.9" timestamp="1754377096" lines-covered="1154" lines-valid="1440" branches-covered="423" branches-valid="673">
  <sources>
    <source>/home/runner/work/NostrSure/NostrSure/</source>
  </sources>
  <packages>
    <package name="NostrSure.Domain" line-rate="0.8088" branch-rate="0.726" complexity="270">
      <classes>
        <class name="NostrSure.Domain.Validation.ValidationResult" filename="NostrSure.Domain/Validation/ValidationResult.cs" line-rate="1" branch-rate="1" complexity="7">
          <methods>
            <method name="get_IsValid" signature="()" line-rate="1" branch-rate="1" complexity="1">
              <lines>
                <line number="8" hits="1077" branch="False" />
              </lines>
            </method>
            <method name="get_Error" signature="()" line-rate="1" branch-rate="1" complexity="1">
              <lines>
                <line number="9" hits="54" branch="False" />
              </lines>
            </method>
            <method name="get_Severity" signature="()" line-rate="1" branch-rate="1" complexity="1">
              <lines>
                <line number="10" hits="23" branch="False" />
              </lines>
            </method>
            <method name="Success" signature="()" line-rate="1" branch-rate="1" complexity="1">
              <lines>
                <line number="12" hits="522" branch="False" />
              </lines>
            </method>
            <method name="Failure" signature="(System.String,NostrSure.Domain.Validation.ValidationSeverity)" line-rate="1" branch-rate="1" complexity="1">
              <lines>
                <line number="15" hits="2" branch="False" />
              </lines>
            </method>
            <method name="Failure" signature="(System.String,System.String,NostrSure.Domain.Validation.ValidationSeverity)" line-rate="1" branch-rate="1" complexity="1">
              <lines>
                <line number="18" hits="10" branch="False" />
              </lines>
            </method>
            <method name="Failure" signature="(System.String,System.Exception,NostrSure.Domain.Validation.ValidationSeverity)" line-rate="1" branch-rate="1" complexity="1">
              <lines>
                <line number="21" hits="3" branch="False" />
              </lines>
            </method>
          </methods>
          <lines>
            <line number="8" hits="1077" branch="False" />
            <line number="9" hits="54" branch="False" />
            <line number="10" hits="23" branch="False" />
            <line number="12" hits="522" branch="False" />
            <line number="15" hits="2" branch="False" />
            <line number="18" hits="10" branch="False" />
            <line number="21" hits="3" branch="False" />
          </lines>
        </class>
        <class name="NostrSure.Domain.Validation.ValidationError" filename="NostrSure.Domain/Validation/ValidationResult.cs" line-rate="1" branch-rate="1" complexity="1">
          <methods>
            <method name="get_Message" signature="()" line-rate="1" branch-rate="1" complexity="1">
              <lines>
                <line number="27" hits="40" branch="False" />
              </lines>
            </method>
          </methods>
          <lines>
            <line number="27" hits="40" branch="False" />
          </lines>
        </class>
        <class name="NostrSure.Domain.Services.CachedEventIdCalculator" filename="NostrSure.Domain/Services/CachedEventIdCalculator.cs" line-rate="0.7258" branch-rate="0.375" complexity="10">
          <methods>
            <method name="CalculateEventId" signature="(NostrSure.Domain.Entities.NostrEvent)" line-rate="0.8461" branch-rate="1" complexity="2">
              <lines>
                <line number="32" hits="106" branch="False" />
                <line number="34" hits="106" branch="False" />
                <line number="36" hits="106" branch="True" condition-coverage="100% (2/2)">
                  <conditions>
                    <condition number="27" type="jump" coverage="100%" />
                  </conditions>
                </line>
                <line number="37" hits="100" branch="False" />
                <line number="40" hits="6" branch="False" />
                <line number="41" hits="0" branch="False" />
                <line number="42" hits="0" branch="False" />
                <line number="43" hits="0" branch="False" />
                <line number="44" hits="0" branch="False" />
                <line number="45" hits="6" branch="False" />
                <line number="47" hits="6" branch="False" />
                <line number="48" hits="6" branch="False" />
                <line number="49" hits="6" branch="False" />
                <line number="50" hits="6" branch="False" />
                <line number="51" hits="6" branch="False" />
                <line number="52" hits="6" branch="False" />
                <line number="53" hits="6" branch="False" />
                <line number="54" hits="6" branch="False" />
                <line number="55" hits="6" branch="False" />
                <line number="57" hits="6" branch="False" />
                <line number="59" hits="6" branch="False" />
                <line number="60" hits="6" branch="False" />
                <line number="61" hits="6" branch="False" />
                <line number="64" hits="6" branch="False" />
                <line number="65" hits="6" branch="False" />
                <line number="66" hits="106" branch="False" />
              </lines>
            </method>
            <method name="CreateCacheKey" signature="(NostrSure.Domain.Entities.NostrEvent)" line-rate="0.5384" branch-rate="0.1666" complexity="6">
              <lines>
                <line number="69" hits="106" branch="False" />
                <line number="71" hits="106" branch="False" />
                <line number="72" hits="106" branch="False" />
                <line number="73" hits="106" branch="False" />
                <line number="74" hits="106" branch="False" />
                <line number="75" hits="106" branch="False" />
                <line number="76" hits="106" branch="False" />
                <line number="77" hits="106" branch="False" />
                <line number="78" hits="106" branch="False" />
                <line number="79" hits="106" branch="False" />
                <line number="80" hits="106" branch="False" />
                <line number="83" hits="106" branch="True" condition-coverage="50% (1/2)">
                  <conditions>
                    <condition number="146" type="jump" coverage="50%" />
                  </conditions>
                </line>
                <line number="84" hits="0" branch="False" />
                <line number="85" hits="0" branch="False" />
                <line number="86" hits="0" branch="True" condition-coverage="0% (0/2)">
                  <conditions>
                    <condition number="273" type="jump" coverage="0%" />
                  </conditions>
                </line>
                <line number="87" hits="0" branch="False" />
                <line number="88" hits="0" branch="False" />
                <line number="89" hits="0" branch="True" condition-coverage="0% (0/2)">
                  <conditions>
                    <condition number="248" type="jump" coverage="0%" />
                  </conditions>
                </line>
                <line number="90" hits="0" branch="False" />
                <line number="91" hits="0" branch="False" />
                <line number="92" hits="0" branch="False" />
                <line number="93" hits="0" branch="False" />
                <line number="94" hits="0" branch="False" />
                <line number="95" hits="0" branch="False" />
                <line number="97" hits="106" branch="False" />
                <line number="98" hits="106" branch="False" />
              </lines>
            </method>
            <method name=".ctor" signature="(Microsoft.Extensions.Caching.Memory.IMemoryCache)" line-rate="1" branch-rate="1" complexity="1">
              <lines>
                <line number="21" hits="13" branch="False" />
                <line number="22" hits="13" branch="False" />
                <line number="23" hits="13" branch="False" />
                <line number="24" hits="13" branch="False" />
                <line number="25" hits="13" branch="False" />
                <line number="26" hits="13" branch="False" />
                <line number="27" hits="13" branch="False" />
                <line number="28" hits="13" branch="False" />
                <line number="29" hits="13" branch="False" />
              </lines>
            </method>
            <method name=".cctor" signature="()" line-rate="0" branch-rate="1" complexity="1">
              <lines>
                <line number="19" hits="0" branch="False" />
              </lines>
            </method>
          </methods>
          <lines>
            <line number="32" hits="106" branch="False" />
            <line number="34" hits="106" branch="False" />
            <line number="36" hits="106" branch="True" condition-coverage="100% (2/2)">
              <conditions>
                <condition number="27" type="jump" coverage="100%" />
              </conditions>
            </line>
            <line number="37" hits="100" branch="False" />
            <line number="40" hits="6" branch="False" />
            <line number="41" hits="0" branch="False" />
            <line number="42" hits="0" branch="False" />
            <line number="43" hits="0" branch="False" />
            <line number="44" hits="0" branch="False" />
            <line number="45" hits="6" branch="False" />
            <line number="47" hits="6" branch="False" />
            <line number="48" hits="6" branch="False" />
            <line number="49" hits="6" branch="False" />
            <line number="50" hits="6" branch="False" />
            <line number="51" hits="6" branch="False" />
            <line number="52" hits="6" branch="False" />
            <line number="53" hits="6" branch="False" />
            <line number="54" hits="6" branch="False" />
            <line number="55" hits="6" branch="False" />
            <line number="57" hits="6" branch="False" />
            <line number="59" hits="6" branch="False" />
            <line number="60" hits="6" branch="False" />
            <line number="61" hits="6" branch="False" />
            <line number="64" hits="6" branch="False" />
            <line number="65" hits="6" branch="False" />
            <line number="66" hits="106" branch="False" />
            <line number="69" hits="106" branch="False" />
            <line number="71" hits="106" branch="False" />
            <line number="72" hits="106" branch="False" />
            <line number="73" hits="106" branch="False" />
            <line number="74" hits="106" branch="False" />
            <line number="75" hits="106" branch="False" />
            <line number="76" hits="106" branch="False" />
            <line number="77" hits="106" branch="False" />
            <line number="78" hits="106" branch="False" />
            <line number="79" hits="106" branch="False" />
            <line number="80" hits="106" branch="False" />
            <line number="83" hits="106" branch="True" condition-coverage="50% (1/2)">
              <conditions>
                <condition number="146" type="jump" coverage="50%" />
              </conditions>
            </line>
            <line number="84" hits="0" branch="False" />
            <line number="85" hits="0" branch="False" />
            <line number="86" hits="0" branch="True" condition-coverage="0% (0/2)">
              <conditions>
                <condition number="273" type="jump" coverage="0%" />
              </conditions>
            </line>
            <line number="87" hits="0" branch="False" />
            <line number="88" hits="0" branch="False" />
            <line number="89" hits="0" branch="True" condition-coverage="0% (0/2)">
              <conditions>
                <condition number="248" type="jump" coverage="0%" />
              </conditions>
            </line>
            <line number="90" hits="0" branch="False" />
            <line number="91" hits="0" branch="False" />
            <line number="92" hits="0" branch="False" />
            <line number="93" hits="0" branch="False" />
            <line number="94" hits="0" branch="False" />
            <line number="95" hits="0" branch="False" />
            <line number="97" hits="106" branch="False" />
            <line number="98" hits="106" branch="False" />
            <line number="21" hits="13" branch="False" />
            <line number="22" hits="13" branch="False" />
            <line number="23" hits="13" branch="False" />
            <line number="24" hits="13" branch="False" />
            <line number="25" hits="13" branch="False" />
            <line number="26" hits="13" branch="False" />
            <line number="27" hits="13" branch="False" />
            <line number="28" hits="13" branch="False" />
            <line number="29" hits="13" branch="False" />
            <line number="19" hits="0" branch="False" />
          </lines>
        </class>
        <class name="NostrSure.Domain.Services.EventIdValidator" filename="NostrSure.Domain/Services/EventIdValidator.cs" line-rate="1" branch-rate="1" complexity="4">
          <methods>
            <method name="ValidateEventIdAsync" signature="(NostrSure.Domain.Entities.NostrEvent,System.Threading.CancellationToken)" line-rate="1" branch-rate="1" complexity="1">
              <lines>
                <line number="19" hits="103" branch="False" />
                <line number="20" hits="103" branch="False" />
                <line number="21" hits="103" branch="False" />
                <line number="22" hits="103" branch="False" />
              </lines>
            </method>
            <method name="ValidateEventId" signature="(NostrSure.Domain.Entities.NostrEvent)" line-rate="1" branch-rate="1" complexity="2">
              <lines>
                <line number="25" hits="108" branch="False" />
                <line number="27" hits="108" branch="False" />
                <line number="28" hits="108" branch="False" />
                <line number="30" hits="107" branch="True" condition-coverage="100% (2/2)">
                  <conditions>
                    <condition number="29" type="jump" coverage="100%" />
                  </conditions>
                </line>
                <line number="31" hits="1" branch="False" />
                <line number="32" hits="1" branch="False" />
                <line number="33" hits="1" branch="False" />
                <line number="34" hits="1" branch="False" />
                <line number="37" hits="106" branch="False" />
                <line number="39" hits="1" branch="False" />
                <line number="40" hits="1" branch="False" />
                <line number="41" hits="1" branch="False" />
                <line number="42" hits="1" branch="False" />
                <line number="43" hits="1" branch="False" />
                <line number="44" hits="1" branch="False" />
                <line number="46" hits="108" branch="False" />
              </lines>
            </method>
            <method name=".ctor" signature="(NostrSure.Domain.Validation.IEventIdCalculator)" line-rate="1" branch-rate="1" complexity="1">
              <lines>
                <line number="13" hits="18" branch="False" />
                <line number="14" hits="18" branch="False" />
                <line number="15" hits="18" branch="False" />
                <line number="16" hits="18" branch="False" />
              </lines>
            </method>
          </methods>
          <lines>
            <line number="19" hits="103" branch="False" />
            <line number="20" hits="103" branch="False" />
            <line number="21" hits="103" branch="False" />
            <line number="22" hits="103" branch="False" />
            <line number="25" hits="108" branch="False" />
            <line number="27" hits="108" branch="False" />
            <line number="28" hits="108" branch="False" />
            <line number="30" hits="107" branch="True" condition-coverage="100% (2/2)">
              <conditions>
                <condition number="29" type="jump" coverage="100%" />
              </conditions>
            </line>
            <line number="31" hits="1" branch="False" />
            <line number="32" hits="1" branch="False" />
            <line number="33" hits="1" branch="False" />
            <line number="34" hits="1" branch="False" />
            <line number="37" hits="106" branch="False" />
            <line number="39" hits="1" branch="False" />
            <line number="40" hits="1" branch="False" />
            <line number="41" hits="1" branch="False" />
            <line number="42" hits="1" branch="False" />
            <line number="43" hits="1" branch="False" />
            <line number="44" hits="1" branch="False" />
            <line number="46" hits="108" branch="False" />
            <line number="13" hits="18" branch="False" />
            <line number="14" hits="18" branch="False" />
            <line number="15" hits="18" branch="False" />
            <line number="16" hits="18" branch="False" />
          </lines>
        </class>
        <class name="NostrSure.Domain.Services.EventKindValidator" filename="NostrSure.Domain/Services/EventKindValidator.cs" line-rate="1" branch-rate="1" complexity="2">
          <methods>
            <method name="ValidateKind" signature="(NostrSure.Domain.Entities.NostrEvent)" line-rate="1" branch-rate="1" complexity="2">
              <lines>
                <line number="13" hits="106" branch="False" />
                <line number="14" hits="106" branch="True" condition-coverage="100% (2/2)">
                  <conditions>
                    <condition number="32" type="jump" coverage="100%" />
                  </conditions>
                </line>
                <line number="15" hits="1" branch="False" />
                <line number="16" hits="1" branch="False" />
                <line number="17" hits="1" branch="False" />
                <line number="18" hits="1" branch="False" />
                <line number="21" hits="105" branch="False" />
                <line number="22" hits="106" branch="False" />
              </lines>
            </method>
          </methods>
          <lines>
            <line number="13" hits="106" branch="False" />
            <line number="14" hits="106" branch="True" condition-coverage="100% (2/2)">
              <conditions>
                <condition number="32" type="jump" coverage="100%" />
              </conditions>
            </line>
            <line number="15" hits="1" branch="False" />
            <line number="16" hits="1" branch="False" />
            <line number="17" hits="1" branch="False" />
            <line number="18" hits="1" branch="False" />
            <line number="21" hits="105" branch="False" />
            <line number="22" hits="106" branch="False" />
          </lines>
        </class>
        <class name="NostrSure.Domain.Services.EventSignatureValidator" filename="NostrSure.Domain/Services/EventSignatureValidator.cs" line-rate="0.7646999999999999" branch-rate="0.5909" complexity="24">
          <methods>
            <method name="ValidateSignatureAsync" signature="(NostrSure.Domain.Entities.NostrEvent,System.Threading.CancellationToken)" line-rate="1" branch-rate="1" complexity="1">
              <lines>
                <line number="21" hits="102" branch="False" />
                <line number="22" hits="102" branch="False" />
                <line number="23" hits="102" branch="False" />
                <line number="24" hits="102" branch="False" />
              </lines>
            </method>
            <method name="ValidateSignature" signature="(NostrSure.Domain.Entities.NostrEvent)" line-rate="0.68" branch-rate="0.5909" complexity="22">
              <lines>
                <line number="27" hits="104" branch="False" />
                <line number="29" hits="104" branch="True" condition-coverage="50% (1/2)">
                  <conditions>
                    <condition number="14" type="jump" coverage="50%" />
                  </conditions>
                </line>
                <line number="30" hits="0" branch="False" />
                <line number="32" hits="104" branch="True" condition-coverage="50% (2/4)">
                  <conditions>
                    <condition number="45" type="jump" coverage="50%" />
                    <condition number="63" type="jump" coverage="50%" />
                  </conditions>
                </line>
                <line number="33" hits="0" branch="False" />
                <line number="35" hits="104" branch="True" condition-coverage="50% (1/2)">
                  <conditions>
                    <condition number="100" type="jump" coverage="50%" />
                  </conditions>
                </line>
                <line number="36" hits="0" branch="False" />
                <line number="39" hits="104" branch="False" />
                <line number="41" hits="104" branch="False" />
                <line number="42" hits="104" branch="False" />
                <line number="43" hits="104" branch="False" />
                <line number="45" hits="104" branch="True" condition-coverage="50% (2/4)">
                  <conditions>
                    <condition number="206" type="jump" coverage="50%" />
                    <condition number="224" type="jump" coverage="50%" />
                  </conditions>
                </line>
                <line number="46" hits="0" branch="False" />
                <line number="48" hits="104" branch="True" condition-coverage="50% (2/4)">
                  <conditions>
                    <condition number="279" type="jump" coverage="50%" />
                    <condition number="297" type="jump" coverage="50%" />
                  </conditions>
                </line>
                <line number="49" hits="0" branch="False" />
                <line number="51" hits="104" branch="True" condition-coverage="100% (4/4)">
                  <conditions>
                    <condition number="347" type="jump" coverage="100%" />
                    <condition number="365" type="jump" coverage="100%" />
                  </conditions>
                </line>
                <line number="52" hits="1" branch="False" />
                <line number="55" hits="103" branch="False" />
                <line number="57" hits="103" branch="True" condition-coverage="50% (1/2)">
                  <conditions>
                    <condition number="422" type="jump" coverage="50%" />
                  </conditions>
                </line>
                <line number="58" hits="103" branch="False" />
                <line number="59" hits="103" branch="False" />
                <line number="61" hits="0" branch="False" />
                <line number="62" hits="0" branch="False" />
                <line number="63" hits="0" branch="False" />
                <line number="65" hits="104" branch="False" />
              </lines>
            </method>
            <method name=".ctor" signature="(NostrSure.Domain.Validation.ICryptographicService,NostrSure.Domain.Validation.IHexConverter)" line-rate="1" branch-rate="1" complexity="1">
              <lines>
                <line number="14" hits="14" branch="False" />
                <line number="15" hits="14" branch="False" />
                <line number="16" hits="14" branch="False" />
                <line number="17" hits="14" branch="False" />
                <line number="18" hits="14" branch="False" />
              </lines>
            </method>
          </methods>
          <lines>
            <line number="21" hits="102" branch="False" />
            <line number="22" hits="102" branch="False" />
            <line number="23" hits="102" branch="False" />
            <line number="24" hits="102" branch="False" />
            <line number="27" hits="104" branch="False" />
            <line number="29" hits="104" branch="True" condition-coverage="50% (1/2)">
              <conditions>
                <condition number="14" type="jump" coverage="50%" />
              </conditions>
            </line>
            <line number="30" hits="0" branch="False" />
            <line number="32" hits="104" branch="True" condition-coverage="50% (2/4)">
              <conditions>
                <condition number="45" type="jump" coverage="50%" />
                <condition number="63" type="jump" coverage="50%" />
              </conditions>
            </line>
            <line number="33" hits="0" branch="False" />
            <line number="35" hits="104" branch="True" condition-coverage="50% (1/2)">
              <conditions>
                <condition number="100" type="jump" coverage="50%" />
              </conditions>
            </line>
            <line number="36" hits="0" branch="False" />
            <line number="39" hits="104" branch="False" />
            <line number="41" hits="104" branch="False" />
            <line number="42" hits="104" branch="False" />
            <line number="43" hits="104" branch="False" />
            <line number="45" hits="104" branch="True" condition-coverage="50% (2/4)">
              <conditions>
                <condition number="206" type="jump" coverage="50%" />
                <condition number="224" type="jump" coverage="50%" />
              </conditions>
            </line>
            <line number="46" hits="0" branch="False" />
            <line number="48" hits="104" branch="True" condition-coverage="50% (2/4)">
              <conditions>
                <condition number="279" type="jump" coverage="50%" />
                <condition number="297" type="jump" coverage="50%" />
              </conditions>
            </line>
            <line number="49" hits="0" branch="False" />
            <line number="51" hits="104" branch="True" condition-coverage="100% (4/4)">
              <conditions>
                <condition number="347" type="jump" coverage="100%" />
                <condition number="365" type="jump" coverage="100%" />
              </conditions>
            </line>
            <line number="52" hits="1" branch="False" />
            <line number="55" hits="103" branch="False" />
            <line number="57" hits="103" branch="True" condition-coverage="50% (1/2)">
              <conditions>
                <condition number="422" type="jump" coverage="50%" />
              </conditions>
            </line>
            <line number="58" hits="103" branch="False" />
            <line number="59" hits="103" branch="False" />
            <line number="61" hits="0" branch="False" />
            <line number="62" hits="0" branch="False" />
            <line number="63" hits="0" branch="False" />
            <line number="65" hits="104" branch="False" />
            <line number="14" hits="14" branch="False" />
            <line number="15" hits="14" branch="False" />
            <line number="16" hits="14" branch="False" />
            <line number="17" hits="14" branch="False" />
            <line number="18" hits="14" branch="False" />
          </lines>
        </class>
        <class name="NostrSure.Domain.Services.EventTagValidator" filename="NostrSure.Domain/Services/EventTagValidator.cs" line-rate="0.68" branch-rate="0.75" complexity="12">
          <methods>
            <method name="ValidateTags" signature="(NostrSure.Domain.Entities.NostrEvent)" line-rate="0.68" branch-rate="0.75" complexity="12">
              <lines>
                <line number="12" hits="109" branch="False" />
                <line number="13" hits="109" branch="True" condition-coverage="100% (2/2)">
                  <conditions>
                    <condition number="12" type="jump" coverage="100%" />
                  </conditions>
                </line>
                <line number="14" hits="1" branch="False" />
                <line number="15" hits="1" branch="False" />
                <line number="18" hits="330" branch="True" condition-coverage="100% (2/2)">
                  <conditions>
                    <condition number="253" type="jump" coverage="100%" />
                  </conditions>
                </line>
                <line number="19" hits="4" branch="False" />
                <line number="20" hits="4" branch="True" condition-coverage="50% (1/2)">
                  <conditions>
                    <condition number="71" type="jump" coverage="50%" />
                  </conditions>
                </line>
                <line number="21" hits="0" branch="False" />
                <line number="22" hits="0" branch="False" />
                <line number="25" hits="4" branch="True" condition-coverage="50% (1/2)">
                  <conditions>
                    <condition number="111" type="jump" coverage="50%" />
                  </conditions>
                </line>
                <line number="26" hits="0" branch="False" />
                <line number="27" hits="0" branch="False" />
                <line number="31" hits="4" branch="True" condition-coverage="100% (2/2)">
                  <conditions>
                    <condition number="149" type="jump" coverage="100%" />
                  </conditions>
                </line>
                <line number="32" hits="2" branch="False" />
                <line number="33" hits="2" branch="False" />
                <line number="34" hits="2" branch="False" />
                <line number="35" hits="2" branch="False" />
                <line number="39" hits="2" branch="True" condition-coverage="50% (1/2)">
                  <conditions>
                    <condition number="224" type="jump" coverage="50%" />
                  </conditions>
                </line>
                <line number="40" hits="0" branch="False" />
                <line number="41" hits="0" branch="False" />
                <line number="42" hits="0" branch="False" />
                <line number="43" hits="0" branch="False" />
                <line number="45" hits="2" branch="False" />
                <line number="47" hits="106" branch="False" />
                <line number="48" hits="109" branch="False" />
              </lines>
            </method>
          </methods>
          <lines>
            <line number="12" hits="109" branch="False" />
            <line number="13" hits="109" branch="True" condition-coverage="100% (2/2)">
              <conditions>
                <condition number="12" type="jump" coverage="100%" />
              </conditions>
            </line>
            <line number="14" hits="1" branch="False" />
            <line number="15" hits="1" branch="False" />
            <line number="18" hits="330" branch="True" condition-coverage="100% (2/2)">
              <conditions>
                <condition number="253" type="jump" coverage="100%" />
              </conditions>
            </line>
            <line number="19" hits="4" branch="False" />
            <line number="20" hits="4" branch="True" condition-coverage="50% (1/2)">
              <conditions>
                <condition number="71" type="jump" coverage="50%" />
              </conditions>
            </line>
            <line number="21" hits="0" branch="False" />
            <line number="22" hits="0" branch="False" />
            <line number="25" hits="4" branch="True" condition-coverage="50% (1/2)">
              <conditions>
                <condition number="111" type="jump" coverage="50%" />
              </conditions>
            </line>
            <line number="26" hits="0" branch="False" />
            <line number="27" hits="0" branch="False" />
            <line number="31" hits="4" branch="True" condition-coverage="100% (2/2)">
              <conditions>
                <condition number="149" type="jump" coverage="100%" />
              </conditions>
            </line>
            <line number="32" hits="2" branch="False" />
            <line number="33" hits="2" branch="False" />
            <line number="34" hits="2" branch="False" />
            <line number="35" hits="2" branch="False" />
            <line number="39" hits="2" branch="True" condition-coverage="50% (1/2)">
              <conditions>
                <condition number="224" type="jump" coverage="50%" />
              </conditions>
            </line>
            <line number="40" hits="0" branch="False" />
            <line number="41" hits="0" branch="False" />
            <line number="42" hits="0" branch="False" />
            <line number="43" hits="0" branch="False" />
            <line number="45" hits="2" branch="False" />
            <line number="47" hits="106" branch="False" />
            <line number="48" hits="109" branch="False" />
          </lines>
        </class>
        <class name="NostrSure.Domain.Services.ModularNostrEventValidator" filename="NostrSure.Domain/Services/ModularNostrEventValidator.cs" line-rate="0.9166" branch-rate="0.75" complexity="18">
          <methods>
            <method name="Validate" signature="(NostrSure.Domain.Entities.NostrEvent)" line-rate="0" branch-rate="1" complexity="1">
              <lines>
                <line number="76" hits="0" branch="False" />
                <line number="77" hits="0" branch="False" />
                <line number="78" hits="0" branch="False" />
              </lines>
            </method>
            <method name="ValidateSignature" signature="(NostrSure.Domain.Entities.NostrEvent,System.String&amp;)" line-rate="1" branch-rate="0.75" complexity="4">
              <lines>
                <line number="83" hits="1" branch="False" />
                <line number="84" hits="1" branch="False" />
                <line number="85" hits="1" branch="True" condition-coverage="75% (3/4)">
                  <conditions>
                    <condition number="23" type="jump" coverage="50%" />
                    <condition number="35" type="jump" coverage="100%" />
                  </conditions>
                </line>
                <line number="86" hits="1" branch="False" />
                <line number="87" hits="1" branch="False" />
              </lines>
            </method>
            <method name="ValidateKind" signature="(NostrSure.Domain.Entities.NostrEvent,System.String&amp;)" line-rate="1" branch-rate="0.75" complexity="4">
              <lines>
                <line number="90" hits="1" branch="False" />
                <line number="91" hits="1" branch="False" />
                <line number="92" hits="1" branch="True" condition-coverage="75% (3/4)">
                  <conditions>
                    <condition number="23" type="jump" coverage="50%" />
                    <condition number="35" type="jump" coverage="100%" />
                  </conditions>
                </line>
                <line number="93" hits="1" branch="False" />
                <line number="94" hits="1" branch="False" />
              </lines>
            </method>
            <method name="ValidateTags" signature="(NostrSure.Domain.Entities.NostrEvent,System.String&amp;)" line-rate="1" branch-rate="0.75" complexity="4">
              <lines>
                <line number="97" hits="1" branch="False" />
                <line number="98" hits="1" branch="False" />
                <line number="99" hits="1" branch="True" condition-coverage="75% (3/4)">
                  <conditions>
                    <condition number="23" type="jump" coverage="50%" />
                    <condition number="35" type="jump" coverage="100%" />
                  </conditions>
                </line>
                <line number="100" hits="1" branch="False" />
                <line number="101" hits="1" branch="False" />
              </lines>
            </method>
            <method name="ValidateEventId" signature="(NostrSure.Domain.Entities.NostrEvent,System.String&amp;)" line-rate="1" branch-rate="0.75" complexity="4">
              <lines>
                <line number="104" hits="1" branch="False" />
                <line number="105" hits="1" branch="False" />
                <line number="106" hits="1" branch="True" condition-coverage="75% (3/4)">
                  <conditions>
                    <condition number="23" type="jump" coverage="50%" />
                    <condition number="35" type="jump" coverage="100%" />
                  </conditions>
                </line>
                <line number="107" hits="1" branch="False" />
                <line number="108" hits="1" branch="False" />
              </lines>
            </method>
            <method name=".ctor" signature="(NostrSure.Domain.Validation.IEventSignatureValidator,NostrSure.Domain.Validation.IEventIdValidator,NostrSure.Domain.Validation.IEventKindValidator,NostrSure.Domain.Validation.IEventTagValidator,Microsoft.Extensions.Logging.ILogger`1&lt;NostrSure.Domain.Services.ModularNostrEventValidator&gt;)" line-rate="1" branch-rate="1" complexity="1">
              <lines>
                <line number="19" hits="14" branch="False" />
                <line number="20" hits="14" branch="False" />
                <line number="21" hits="14" branch="False" />
                <line number="22" hits="14" branch="False" />
                <line number="23" hits="14" branch="False" />
                <line number="24" hits="14" branch="False" />
                <line number="25" hits="14" branch="False" />
                <line number="26" hits="14" branch="False" />
                <line number="27" hits="14" branch="False" />
                <line number="28" hits="14" branch="False" />
                <line number="29" hits="14" branch="False" />
                <line number="30" hits="14" branch="False" />
                <line number="31" hits="14" branch="False" />
              </lines>
            </method>
          </methods>
          <lines>
            <line number="76" hits="0" branch="False" />
            <line number="77" hits="0" branch="False" />
            <line number="78" hits="0" branch="False" />
            <line number="83" hits="1" branch="False" />
            <line number="84" hits="1" branch="False" />
            <line number="85" hits="1" branch="True" condition-coverage="75% (3/4)">
              <conditions>
                <condition number="23" type="jump" coverage="50%" />
                <condition number="35" type="jump" coverage="100%" />
              </conditions>
            </line>
            <line number="86" hits="1" branch="False" />
            <line number="87" hits="1" branch="False" />
            <line number="90" hits="1" branch="False" />
            <line number="91" hits="1" branch="False" />
            <line number="92" hits="1" branch="True" condition-coverage="75% (3/4)">
              <conditions>
                <condition number="23" type="jump" coverage="50%" />
                <condition number="35" type="jump" coverage="100%" />
              </conditions>
            </line>
            <line number="93" hits="1" branch="False" />
            <line number="94" hits="1" branch="False" />
            <line number="97" hits="1" branch="False" />
            <line number="98" hits="1" branch="False" />
            <line number="99" hits="1" branch="True" condition-coverage="75% (3/4)">
              <conditions>
                <condition number="23" type="jump" coverage="50%" />
                <condition number="35" type="jump" coverage="100%" />
              </conditions>
            </line>
            <line number="100" hits="1" branch="False" />
            <line number="101" hits="1" branch="False" />
            <line number="104" hits="1" branch="False" />
            <line number="105" hits="1" branch="False" />
            <line number="106" hits="1" branch="True" condition-coverage="75% (3/4)">
              <conditions>
                <condition number="23" type="jump" coverage="50%" />
                <condition number="35" type="jump" coverage="100%" />
              </conditions>
            </line>
            <line number="107" hits="1" branch="False" />
            <line number="108" hits="1" branch="False" />
            <line number="19" hits="14" branch="False" />
            <line number="20" hits="14" branch="False" />
            <line number="21" hits="14" branch="False" />
            <line number="22" hits="14" branch="False" />
            <line number="23" hits="14" branch="False" />
            <line number="24" hits="14" branch="False" />
            <line number="25" hits="14" branch="False" />
            <line number="26" hits="14" branch="False" />
            <line number="27" hits="14" branch="False" />
            <line number="28" hits="14" branch="False" />
            <line number="29" hits="14" branch="False" />
            <line number="30" hits="14" branch="False" />
            <line number="31" hits="14" branch="False" />
          </lines>
        </class>
        <class name="NostrSure.Domain.Services.ModularNostrEventValidator/&lt;ValidateAsync&gt;d__6" filename="NostrSure.Domain/Services/ModularNostrEventValidator.cs" line-rate="0.8887999999999999" branch-rate="0.423" complexity="26">
          <methods>
            <method name="MoveNext" signature="()" line-rate="0.8887999999999999" branch-rate="0.423" complexity="26">
              <lines>
                <line number="34" hits="104" branch="False" />
                <line number="36" hits="104" branch="False" />
                <line number="37" hits="104" branch="True" condition-coverage="100% (2/2)">
                  <conditions>
                    <condition number="62" type="jump" coverage="100%" />
                  </conditions>
                </line>
                <line number="38" hits="1" branch="False" />
                <line number="39" hits="1" branch="True" condition-coverage="25% (1/4)">
                  <conditions>
                    <condition number="77" type="jump" coverage="50%" />
                    <condition number="107" type="jump" coverage="0%" />
                  </conditions>
                </line>
                <line number="40" hits="1" branch="False" />
                <line number="43" hits="103" branch="False" />
                <line number="44" hits="103" branch="True" condition-coverage="100% (2/2)">
                  <conditions>
                    <condition number="181" type="jump" coverage="100%" />
                  </conditions>
                </line>
                <line number="45" hits="1" branch="False" />
                <line number="46" hits="1" branch="True" condition-coverage="25% (1/4)">
                  <conditions>
                    <condition number="196" type="jump" coverage="50%" />
                    <condition number="226" type="jump" coverage="0%" />
                  </conditions>
                </line>
                <line number="47" hits="1" branch="False" />
                <line number="51" hits="102" branch="False" />
                <line number="52" hits="102" branch="False" />
                <line number="55" hits="102" branch="False" />
                <line number="57" hits="102" branch="False" />
                <line number="58" hits="102" branch="True" condition-coverage="50% (1/2)">
                  <conditions>
                    <condition number="482" type="jump" coverage="50%" />
                  </conditions>
                </line>
                <line number="59" hits="0" branch="False" />
                <line number="60" hits="0" branch="True" condition-coverage="0% (0/4)">
                  <conditions>
                    <condition number="497" type="jump" coverage="0%" />
                    <condition number="527" type="jump" coverage="0%" />
                  </conditions>
                </line>
                <line number="61" hits="0" branch="False" />
                <line number="64" hits="102" branch="False" />
                <line number="65" hits="102" branch="True" condition-coverage="100% (2/2)">
                  <conditions>
                    <condition number="592" type="jump" coverage="100%" />
                  </conditions>
                </line>
                <line number="66" hits="1" branch="False" />
                <line number="67" hits="1" branch="True" condition-coverage="25% (1/4)">
                  <conditions>
                    <condition number="607" type="jump" coverage="50%" />
                    <condition number="637" type="jump" coverage="0%" />
                  </conditions>
                </line>
                <line number="68" hits="1" branch="False" />
                <line number="71" hits="101" branch="True" condition-coverage="50% (1/2)">
                  <conditions>
                    <condition number="679" type="jump" coverage="50%" />
                  </conditions>
                </line>
                <line number="72" hits="101" branch="False" />
                <line number="73" hits="104" branch="False" />
              </lines>
            </method>
          </methods>
          <lines>
            <line number="34" hits="104" branch="False" />
            <line number="36" hits="104" branch="False" />
            <line number="37" hits="104" branch="True" condition-coverage="100% (2/2)">
              <conditions>
                <condition number="62" type="jump" coverage="100%" />
              </conditions>
            </line>
            <line number="38" hits="1" branch="False" />
            <line number="39" hits="1" branch="True" condition-coverage="25% (1/4)">
              <conditions>
                <condition number="77" type="jump" coverage="50%" />
                <condition number="107" type="jump" coverage="0%" />
              </conditions>
            </line>
            <line number="40" hits="1" branch="False" />
            <line number="43" hits="103" branch="False" />
            <line number="44" hits="103" branch="True" condition-coverage="100% (2/2)">
              <conditions>
                <condition number="181" type="jump" coverage="100%" />
              </conditions>
            </line>
            <line number="45" hits="1" branch="False" />
            <line number="46" hits="1" branch="True" condition-coverage="25% (1/4)">
              <conditions>
                <condition number="196" type="jump" coverage="50%" />
                <condition number="226" type="jump" coverage="0%" />
              </conditions>
            </line>
            <line number="47" hits="1" branch="False" />
            <line number="51" hits="102" branch="False" />
            <line number="52" hits="102" branch="False" />
            <line number="55" hits="102" branch="False" />
            <line number="57" hits="102" branch="False" />
            <line number="58" hits="102" branch="True" condition-coverage="50% (1/2)">
              <conditions>
                <condition number="482" type="jump" coverage="50%" />
              </conditions>
            </line>
            <line number="59" hits="0" branch="False" />
            <line number="60" hits="0" branch="True" condition-coverage="0% (0/4)">
              <conditions>
                <condition number="497" type="jump" coverage="0%" />
                <condition number="527" type="jump" coverage="0%" />
              </conditions>
            </line>
            <line number="61" hits="0" branch="False" />
            <line number="64" hits="102" branch="False" />
            <line number="65" hits="102" branch="True" condition-coverage="100% (2/2)">
              <conditions>
                <condition number="592" type="jump" coverage="100%" />
              </conditions>
            </line>
            <line number="66" hits="1" branch="False" />
            <line number="67" hits="1" branch="True" condition-coverage="25% (1/4)">
              <conditions>
                <condition number="607" type="jump" coverage="50%" />
                <condition number="637" type="jump" coverage="0%" />
              </conditions>
            </line>
            <line number="68" hits="1" branch="False" />
            <line number="71" hits="101" branch="True" condition-coverage="50% (1/2)">
              <conditions>
                <condition number="679" type="jump" coverage="50%" />
              </conditions>
            </line>
            <line number="72" hits="101" branch="False" />
            <line number="73" hits="104" branch="False" />
          </lines>
        </class>
        <class name="NostrSure.Domain.Services.OptimizedCryptographicService" filename="NostrSure.Domain/Services/OptimizedCryptographicService.cs" line-rate="0.8887999999999999" branch-rate="0.9" complexity="10">
          <methods>
            <method name="VerifySchnorrSignature" signature="(System.ReadOnlySpan`1&lt;System.Byte&gt;,System.ReadOnlySpan`1&lt;System.Byte&gt;,System.ReadOnlySpan`1&lt;System.Byte&gt;)" line-rate="0.8887999999999999" branch-rate="0.9" complexity="10">
              <lines>
                <line number="12" hits="113" branch="False" />
                <line number="14" hits="113" branch="True" condition-coverage="100% (6/6)">
                  <conditions>
                    <condition number="10" type="jump" coverage="100%" />
                    <condition number="21" type="jump" coverage="100%" />
                    <condition number="42" type="jump" coverage="100%" />
                  </conditions>
                </line>
                <line number="15" hits="5" branch="False" />
                <line number="18" hits="108" branch="True" condition-coverage="100% (2/2)">
                  <conditions>
                    <condition number="63" type="jump" coverage="100%" />
                  </conditions>
                </line>
                <line number="19" hits="2" branch="False" />
                <line number="21" hits="106" branch="True" condition-coverage="50% (1/2)">
                  <conditions>
                    <condition number="84" type="jump" coverage="50%" />
                  </conditions>
                </line>
                <line number="22" hits="0" branch="False" />
                <line number="25" hits="106" branch="False" />
                <line number="26" hits="113" branch="False" />
              </lines>
            </method>
          </methods>
          <lines>
            <line number="12" hits="113" branch="False" />
            <line number="14" hits="113" branch="True" condition-coverage="100% (6/6)">
              <conditions>
                <condition number="10" type="jump" coverage="100%" />
                <condition number="21" type="jump" coverage="100%" />
                <condition number="42" type="jump" coverage="100%" />
              </conditions>
            </line>
            <line number="15" hits="5" branch="False" />
            <line number="18" hits="108" branch="True" condition-coverage="100% (2/2)">
              <conditions>
                <condition number="63" type="jump" coverage="100%" />
              </conditions>
            </line>
            <line number="19" hits="2" branch="False" />
            <line number="21" hits="106" branch="True" condition-coverage="50% (1/2)">
              <conditions>
                <condition number="84" type="jump" coverage="50%" />
              </conditions>
            </line>
            <line number="22" hits="0" branch="False" />
            <line number="25" hits="106" branch="False" />
            <line number="26" hits="113" branch="False" />
          </lines>
        </class>
        <class name="NostrSure.Domain.Services.OptimizedHexConverter" filename="NostrSure.Domain/Services/OptimizedHexConverter.cs" line-rate="0.9018999999999999" branch-rate="0.75" complexity="40">
          <methods>
            <method name="TryParseHex" signature="(System.ReadOnlySpan`1&lt;System.Char&gt;,System.Span`1&lt;System.Byte&gt;,System.Int32&amp;)" line-rate="0.8636" branch-rate="0.6818000000000001" complexity="22">
              <lines>
                <line number="31" hits="330" branch="False" />
                <line number="32" hits="330" branch="False" />
                <line number="35" hits="330" branch="True" condition-coverage="50% (4/8)">
                  <conditions>
                    <condition number="12" type="jump" coverage="100%" />
                    <condition number="25" type="jump" coverage="50%" />
                    <condition number="38" type="jump" coverage="0%" />
                    <condition number="61" type="jump" coverage="50%" />
                  </conditions>
                </line>
                <line number="36" hits="0" branch="False" />
                <line number="38" hits="330" branch="True" condition-coverage="100% (2/2)">
                  <conditions>
                    <condition number="97" type="jump" coverage="100%" />
                  </conditions>
                </line>
                <line number="39" hits="1" branch="False" />
                <line number="41" hits="329" branch="True" condition-coverage="50% (1/2)">
                  <conditions>
                    <condition number="128" type="jump" coverage="50%" />
                  </conditions>
                </line>
                <line number="42" hits="0" branch="False" />
                <line number="44" hits="28138" branch="True" condition-coverage="100% (2/2)">
                  <conditions>
                    <condition number="311" type="jump" coverage="100%" />
                  </conditions>
                </line>
                <line number="45" hits="13743" branch="False" />
                <line number="46" hits="13743" branch="False" />
                <line number="47" hits="13743" branch="False" />
                <line number="49" hits="13743" branch="True" condition-coverage="50% (2/4)">
                  <conditions>
                    <condition number="181" type="jump" coverage="50%" />
                    <condition number="204" type="jump" coverage="50%" />
                  </conditions>
                </line>
                <line number="50" hits="0" branch="False" />
                <line number="52" hits="13743" branch="False" />
                <line number="53" hits="13743" branch="False" />
                <line number="55" hits="13743" branch="True" condition-coverage="100% (4/4)">
                  <conditions>
                    <condition number="237" type="jump" coverage="100%" />
                    <condition number="255" type="jump" coverage="100%" />
                  </conditions>
                </line>
                <line number="56" hits="3" branch="False" />
                <line number="58" hits="13740" branch="False" />
                <line number="59" hits="13740" branch="False" />
                <line number="61" hits="326" branch="False" />
                <line number="62" hits="330" branch="False" />
              </lines>
            </method>
            <method name="ParseHex" signature="(System.ReadOnlySpan`1&lt;System.Char&gt;)" line-rate="0.9166" branch-rate="0.8" complexity="10">
              <lines>
                <line number="65" hits="3" branch="False" />
                <line number="66" hits="3" branch="False" />
                <line number="69" hits="3" branch="True" condition-coverage="87.5% (7/8)">
                  <conditions>
                    <condition number="17" type="jump" coverage="100%" />
                    <condition number="30" type="jump" coverage="100%" />
                    <condition number="43" type="jump" coverage="50%" />
                    <condition number="66" type="jump" coverage="100%" />
                  </conditions>
                </line>
                <line number="70" hits="1" branch="False" />
                <line number="71" hits="1" branch="False" />
                <line number="72" hits="1" branch="False" />
                <line number="73" hits="1" branch="False" />
                <line number="75" hits="3" branch="False" />
                <line number="76" hits="3" branch="True" condition-coverage="50% (1/2)">
                  <conditions>
                    <condition number="125" type="jump" coverage="50%" />
                  </conditions>
                </line>
                <line number="77" hits="0" branch="False" />
                <line number="78" hits="3" branch="False" />
                <line number="79" hits="3" branch="False" />
              </lines>
            </method>
            <method name="ParseHex" signature="(System.String)" line-rate="0.8" branch-rate="0.5" complexity="2">
              <lines>
                <line number="82" hits="3" branch="False" />
                <line number="83" hits="3" branch="True" condition-coverage="50% (1/2)">
                  <conditions>
                    <condition number="9" type="jump" coverage="50%" />
                  </conditions>
                </line>
                <line number="84" hits="0" branch="False" />
                <line number="86" hits="3" branch="False" />
                <line number="87" hits="3" branch="False" />
              </lines>
            </method>
            <method name=".cctor" signature="()" line-rate="1" branch-rate="1" complexity="6">
              <lines>
                <line number="11" hits="1" branch="False" />
                <line number="14" hits="1" branch="False" />
                <line number="16" hits="258" branch="True" condition-coverage="100% (2/2)">
                  <conditions>
                    <condition number="48" type="jump" coverage="100%" />
                  </conditions>
                </line>
                <line number="17" hits="128" branch="False" />
                <line number="20" hits="22" branch="True" condition-coverage="100% (2/2)">
                  <conditions>
                    <condition number="80" type="jump" coverage="100%" />
                  </conditions>
                </line>
                <line number="21" hits="10" branch="False" />
                <line number="23" hits="14" branch="True" condition-coverage="100% (2/2)">
                  <conditions>
                    <condition number="141" type="jump" coverage="100%" />
                  </conditions>
                </line>
                <line number="24" hits="6" branch="False" />
                <line number="25" hits="6" branch="False" />
                <line number="26" hits="6" branch="False" />
                <line number="27" hits="6" branch="False" />
                <line number="28" hits="1" branch="False" />
              </lines>
            </method>
          </methods>
          <lines>
            <line number="31" hits="330" branch="False" />
            <line number="32" hits="330" branch="False" />
            <line number="35" hits="330" branch="True" condition-coverage="50% (4/8)">
              <conditions>
                <condition number="12" type="jump" coverage="100%" />
                <condition number="25" type="jump" coverage="50%" />
                <condition number="38" type="jump" coverage="0%" />
                <condition number="61" type="jump" coverage="50%" />
              </conditions>
            </line>
            <line number="36" hits="0" branch="False" />
            <line number="38" hits="330" branch="True" condition-coverage="100% (2/2)">
              <conditions>
                <condition number="97" type="jump" coverage="100%" />
              </conditions>
            </line>
            <line number="39" hits="1" branch="False" />
            <line number="41" hits="329" branch="True" condition-coverage="50% (1/2)">
              <conditions>
                <condition number="128" type="jump" coverage="50%" />
              </conditions>
            </line>
            <line number="42" hits="0" branch="False" />
            <line number="44" hits="28138" branch="True" condition-coverage="100% (2/2)">
              <conditions>
                <condition number="311" type="jump" coverage="100%" />
              </conditions>
            </line>
            <line number="45" hits="13743" branch="False" />
            <line number="46" hits="13743" branch="False" />
            <line number="47" hits="13743" branch="False" />
            <line number="49" hits="13743" branch="True" condition-coverage="50% (2/4)">
              <conditions>
                <condition number="181" type="jump" coverage="50%" />
                <condition number="204" type="jump" coverage="50%" />
              </conditions>
            </line>
            <line number="50" hits="0" branch="False" />
            <line number="52" hits="13743" branch="False" />
            <line number="53" hits="13743" branch="False" />
            <line number="55" hits="13743" branch="True" condition-coverage="100% (4/4)">
              <conditions>
                <condition number="237" type="jump" coverage="100%" />
                <condition number="255" type="jump" coverage="100%" />
              </conditions>
            </line>
            <line number="56" hits="3" branch="False" />
            <line number="58" hits="13740" branch="False" />
            <line number="59" hits="13740" branch="False" />
            <line number="61" hits="326" branch="False" />
            <line number="62" hits="330" branch="False" />
            <line number="65" hits="3" branch="False" />
            <line number="66" hits="3" branch="False" />
            <line number="69" hits="3" branch="True" condition-coverage="87.5% (7/8)">
              <conditions>
                <condition number="17" type="jump" coverage="100%" />
                <condition number="30" type="jump" coverage="100%" />
                <condition number="43" type="jump" coverage="50%" />
                <condition number="66" type="jump" coverage="100%" />
              </conditions>
            </line>
            <line number="70" hits="1" branch="False" />
            <line number="71" hits="1" branch="False" />
            <line number="72" hits="1" branch="False" />
            <line number="73" hits="1" branch="False" />
            <line number="75" hits="3" branch="False" />
            <line number="76" hits="3" branch="True" condition-coverage="50% (1/2)">
              <conditions>
                <condition number="125" type="jump" coverage="50%" />
              </conditions>
            </line>
            <line number="77" hits="0" branch="False" />
            <line number="78" hits="3" branch="False" />
            <line number="79" hits="3" branch="False" />
            <line number="82" hits="3" branch="False" />
            <line number="83" hits="3" branch="True" condition-coverage="50% (1/2)">
              <conditions>
                <condition number="9" type="jump" coverage="50%" />
              </conditions>
            </line>
            <line number="84" hits="0" branch="False" />
            <line number="86" hits="3" branch="False" />
            <line number="87" hits="3" branch="False" />
            <line number="11" hits="1" branch="False" />
            <line number="14" hits="1" branch="False" />
            <line number="16" hits="258" branch="True" condition-coverage="100% (2/2)">
              <conditions>
                <condition number="48" type="jump" coverage="100%" />
              </conditions>
            </line>
            <line number="17" hits="128" branch="False" />
            <line number="20" hits="22" branch="True" condition-coverage="100% (2/2)">
              <conditions>
                <condition number="80" type="jump" coverage="100%" />
              </conditions>
            </line>
            <line number="21" hits="10" branch="False" />
            <line number="23" hits="14" branch="True" condition-coverage="100% (2/2)">
              <conditions>
                <condition number="141" type="jump" coverage="100%" />
              </conditions>
            </line>
            <line number="24" hits="6" branch="False" />
            <line number="25" hits="6" branch="False" />
            <line number="26" hits="6" branch="False" />
            <line number="27" hits="6" branch="False" />
            <line number="28" hits="1" branch="False" />
          </lines>
        </class>
        <class name="NostrSure.Domain.Services.SimpleEventIdCalculator" filename="NostrSure.Domain/Services/SimpleEventIdCalculator.cs" line-rate="0.9666" branch-rate="1" complexity="3">
          <methods>
            <method name="CalculateEventId" signature="(NostrSure.Domain.Entities.NostrEvent)" line-rate="1" branch-rate="1" complexity="1">
              <lines>
                <line number="29" hits="11" branch="False" />
                <line number="31" hits="11" branch="False" />
                <line number="32" hits="11" branch="False" />
                <line number="33" hits="11" branch="False" />
                <line number="34" hits="11" branch="False" />
                <line number="35" hits="11" branch="False" />
                <line number="36" hits="22" branch="False" />
                <line number="38" hits="11" branch="False" />
                <line number="39" hits="11" branch="False" />
                <line number="40" hits="11" branch="False" />
                <line number="41" hits="11" branch="False" />
                <line number="42" hits="11" branch="False" />
                <line number="43" hits="11" branch="False" />
                <line number="44" hits="11" branch="False" />
                <line number="45" hits="11" branch="False" />
                <line number="46" hits="11" branch="False" />
                <line number="48" hits="11" branch="False" />
                <line number="50" hits="11" branch="False" />
                <line number="51" hits="11" branch="False" />
                <line number="52" hits="11" branch="False" />
                <line number="53" hits="11" branch="False" />
              </lines>
            </method>
            <method name=".ctor" signature="()" line-rate="1" branch-rate="1" complexity="1">
              <lines>
                <line number="19" hits="28" branch="False" />
                <line number="20" hits="28" branch="False" />
                <line number="21" hits="28" branch="False" />
                <line number="22" hits="28" branch="False" />
                <line number="23" hits="28" branch="False" />
                <line number="24" hits="28" branch="False" />
                <line number="25" hits="28" branch="False" />
                <line number="26" hits="28" branch="False" />
              </lines>
            </method>
            <method name=".cctor" signature="()" line-rate="0" branch-rate="1" complexity="1">
              <lines>
                <line number="17" hits="0" branch="False" />
              </lines>
            </method>
          </methods>
          <lines>
            <line number="29" hits="11" branch="False" />
            <line number="31" hits="11" branch="False" />
            <line number="32" hits="11" branch="False" />
            <line number="33" hits="11" branch="False" />
            <line number="34" hits="11" branch="False" />
            <line number="35" hits="11" branch="False" />
            <line number="36" hits="22" branch="False" />
            <line number="38" hits="11" branch="False" />
            <line number="39" hits="11" branch="False" />
            <line number="40" hits="11" branch="False" />
            <line number="41" hits="11" branch="False" />
            <line number="42" hits="11" branch="False" />
            <line number="43" hits="11" branch="False" />
            <line number="44" hits="11" branch="False" />
            <line number="45" hits="11" branch="False" />
            <line number="46" hits="11" branch="False" />
            <line number="48" hits="11" branch="False" />
            <line number="50" hits="11" branch="False" />
            <line number="51" hits="11" branch="False" />
            <line number="52" hits="11" branch="False" />
            <line number="53" hits="11" branch="False" />
            <line number="19" hits="28" branch="False" />
            <line number="20" hits="28" branch="False" />
            <line number="21" hits="28" branch="False" />
            <line number="22" hits="28" branch="False" />
            <line number="23" hits="28" branch="False" />
            <line number="24" hits="28" branch="False" />
            <line number="25" hits="28" branch="False" />
            <line number="26" hits="28" branch="False" />
            <line number="17" hits="0" branch="False" />
          </lines>
        </class>
        <class name="NostrSure.Domain.Extensions.ServiceCollectionExtensions" filename="NostrSure.Domain/Extensions/ServiceCollectionExtensions.cs" line-rate="1" branch-rate="1" complexity="3">
          <methods>
            <method name="AddNostrValidation" signature="(Microsoft.Extensions.DependencyInjection.IServiceCollection)" line-rate="1" branch-rate="1" complexity="1">
              <lines>
                <line number="19" hits="13" branch="False" />
                <line number="21" hits="13" branch="False" />
                <line number="22" hits="13" branch="False" />
                <line number="23" hits="13" branch="False" />
                <line number="24" hits="13" branch="False" />
                <line number="25" hits="13" branch="False" />
                <line number="28" hits="13" branch="False" />
                <line number="29" hits="13" branch="False" />
                <line number="30" hits="13" branch="False" />
                <line number="33" hits="13" branch="False" />
                <line number="35" hits="13" branch="False" />
                <line number="36" hits="13" branch="False" />
              </lines>
            </method>
            <method name="AddNostrValidation" signature="(Microsoft.Extensions.DependencyInjection.IServiceCollection,System.Action`1&lt;Microsoft.Extensions.Caching.Memory.MemoryCacheOptions&gt;)" line-rate="1" branch-rate="1" complexity="1">
              <lines>
                <line number="43" hits="1" branch="False" />
                <line number="44" hits="1" branch="False" />
                <line number="47" hits="1" branch="False" />
                <line number="48" hits="1" branch="False" />
                <line number="49" hits="1" branch="False" />
                <line number="50" hits="1" branch="False" />
                <line number="51" hits="1" branch="False" />
                <line number="52" hits="1" branch="False" />
                <line number="53" hits="1" branch="False" />
                <line number="54" hits="1" branch="False" />
                <line number="56" hits="1" branch="False" />
                <line number="57" hits="1" branch="False" />
              </lines>
            </method>
            <method name="AddNostrValidationWithoutCaching" signature="(Microsoft.Extensions.DependencyInjection.IServiceCollection)" line-rate="1" branch-rate="1" complexity="1">
              <lines>
                <line number="63" hits="1" branch="False" />
                <line number="64" hits="1" branch="False" />
                <line number="65" hits="1" branch="False" />
                <line number="66" hits="1" branch="False" />
                <line number="67" hits="1" branch="False" />
                <line number="68" hits="1" branch="False" />
                <line number="69" hits="1" branch="False" />
                <line number="70" hits="1" branch="False" />
                <line number="73" hits="1" branch="False" />
                <line number="75" hits="1" branch="False" />
                <line number="76" hits="1" branch="False" />
              </lines>
            </method>
          </methods>
          <lines>
            <line number="19" hits="13" branch="False" />
            <line number="21" hits="13" branch="False" />
            <line number="22" hits="13" branch="False" />
            <line number="23" hits="13" branch="False" />
            <line number="24" hits="13" branch="False" />
            <line number="25" hits="13" branch="False" />
            <line number="28" hits="13" branch="False" />
            <line number="29" hits="13" branch="False" />
            <line number="30" hits="13" branch="False" />
            <line number="33" hits="13" branch="False" />
            <line number="35" hits="13" branch="False" />
            <line number="36" hits="13" branch="False" />
            <line number="43" hits="1" branch="False" />
            <line number="44" hits="1" branch="False" />
            <line number="47" hits="1" branch="False" />
            <line number="48" hits="1" branch="False" />
            <line number="49" hits="1" branch="False" />
            <line number="50" hits="1" branch="False" />
            <line number="51" hits="1" branch="False" />
            <line number="52" hits="1" branch="False" />
            <line number="53" hits="1" branch="False" />
            <line number="54" hits="1" branch="False" />
            <line number="56" hits="1" branch="False" />
            <line number="57" hits="1" branch="False" />
            <line number="63" hits="1" branch="False" />
            <line number="64" hits="1" branch="False" />
            <line number="65" hits="1" branch="False" />
            <line number="66" hits="1" branch="False" />
            <line number="67" hits="1" branch="False" />
            <line number="68" hits="1" branch="False" />
            <line number="69" hits="1" branch="False" />
            <line number="70" hits="1" branch="False" />
            <line number="73" hits="1" branch="False" />
            <line number="75" hits="1" branch="False" />
            <line number="76" hits="1" branch="False" />
          </lines>
        </class>
        <class name="NostrSure.Domain.Entities.Follow" filename="NostrSure.Domain/Entities/Follow.cs" line-rate="1" branch-rate="1" complexity="6">
          <methods>
            <method name="get_Follower" signature="()" line-rate="1" branch-rate="1" complexity="1">
              <lines>
                <line number="5" hits="1" branch="False" />
              </lines>
            </method>
            <method name="get_Followee" signature="()" line-rate="1" branch-rate="1" complexity="1">
              <lines>
                <line number="6" hits="1" branch="False" />
              </lines>
            </method>
            <method name=".ctor" signature="(NostrSure.Domain.Entities.Pubkey,NostrSure.Domain.Entities.Pubkey)" line-rate="1" branch-rate="1" complexity="4">
              <lines>
                <line number="7" hits="3" branch="False" />
                <line number="8" hits="3" branch="False" />
                <line number="9" hits="3" branch="True" condition-coverage="100% (2/2)">
                  <conditions>
                    <condition number="11" type="jump" coverage="100%" />
                  </conditions>
                </line>
                <line number="10" hits="2" branch="True" condition-coverage="100% (2/2)">
                  <conditions>
                    <condition number="33" type="jump" coverage="100%" />
                  </conditions>
                </line>
                <line number="11" hits="1" branch="False" />
              </lines>
            </method>
          </methods>
          <lines>
            <line number="5" hits="1" branch="False" />
            <line number="6" hits="1" branch="False" />
            <line number="7" hits="3" branch="False" />
            <line number="8" hits="3" branch="False" />
            <line number="9" hits="3" branch="True" condition-coverage="100% (2/2)">
              <conditions>
                <condition number="11" type="jump" coverage="100%" />
              </conditions>
            </line>
            <line number="10" hits="2" branch="True" condition-coverage="100% (2/2)">
              <conditions>
                <condition number="33" type="jump" coverage="100%" />
              </conditions>
            </line>
            <line number="11" hits="1" branch="False" />
          </lines>
        </class>
        <class name="NostrSure.Domain.Entities.NostrEvent" filename="NostrSure.Domain/Entities/NostrEvent.cs" line-rate="1" branch-rate="1" complexity="16">
          <methods>
            <method name="get_Id" signature="()" line-rate="1" branch-rate="1" complexity="1">
              <lines>
                <line number="7" hits="363" branch="False" />
              </lines>
            </method>
            <method name="get_Pubkey" signature="()" line-rate="1" branch-rate="1" complexity="1">
              <lines>
                <line number="8" hits="364" branch="False" />
              </lines>
            </method>
            <method name="get_CreatedAt" signature="()" line-rate="1" branch-rate="1" complexity="1">
              <lines>
                <line number="9" hits="141" branch="False" />
              </lines>
            </method>
            <method name="get_Kind" signature="()" line-rate="1" branch-rate="1" complexity="1">
              <lines>
                <line number="10" hits="258" branch="False" />
              </lines>
            </method>
            <method name="get_Tags" signature="()" line-rate="1" branch-rate="1" complexity="1">
              <lines>
                <line number="11" hits="408" branch="False" />
              </lines>
            </method>
            <method name="get_Content" signature="()" line-rate="1" branch-rate="1" complexity="1">
              <lines>
                <line number="12" hits="138" branch="False" />
              </lines>
            </method>
            <method name="get_Sig" signature="()" line-rate="1" branch-rate="1" complexity="1">
              <lines>
                <line number="13" hits="244" branch="False" />
              </lines>
            </method>
            <method name="Validate" signature="(NostrSure.Domain.Interfaces.INostrEventValidator,System.Collections.Generic.List`1&lt;System.String&gt;&amp;)" line-rate="1" branch-rate="1" complexity="8">
              <lines>
                <line number="17" hits="6" branch="False" />
                <line number="18" hits="6" branch="False" />
                <line number="19" hits="6" branch="True" condition-coverage="100% (2/2)">
                  <conditions>
                    <condition number="24" type="jump" coverage="100%" />
                  </conditions>
                </line>
                <line number="20" hits="2" branch="False" />
                <line number="21" hits="6" branch="True" condition-coverage="100% (2/2)">
                  <conditions>
                    <condition number="61" type="jump" coverage="100%" />
                  </conditions>
                </line>
                <line number="22" hits="2" branch="False" />
                <line number="23" hits="6" branch="True" condition-coverage="100% (2/2)">
                  <conditions>
                    <condition number="98" type="jump" coverage="100%" />
                  </conditions>
                </line>
                <line number="24" hits="2" branch="False" />
                <line number="25" hits="6" branch="True" condition-coverage="100% (2/2)">
[...]
            <method name="add_MessageReceived" signature="(System.EventHandler`1&lt;System.String&gt;)" line-rate="1" branch-rate="1" complexity="1">
              <lines>
                <line number="41" hits="1" branch="False" />
              </lines>
            </method>
            <method name="remove_MessageReceived" signature="(System.EventHandler`1&lt;System.String&gt;)" line-rate="0" branch-rate="1" complexity="1">
              <lines>
                <line number="42" hits="0" branch="False" />
              </lines>
            </method>
            <method name="add_ErrorOccurred" signature="(System.EventHandler`1&lt;System.Exception&gt;)" line-rate="1" branch-rate="1" complexity="1">
              <lines>
                <line number="47" hits="1" branch="False" />
              </lines>
            </method>
            <method name="remove_ErrorOccurred" signature="(System.EventHandler`1&lt;System.Exception&gt;)" line-rate="0" branch-rate="1" complexity="1">
              <lines>
                <line number="48" hits="0" branch="False" />
              </lines>
            </method>
            <method name="add_Disconnected" signature="(System.EventHandler)" line-rate="1" branch-rate="1" complexity="1">
              <lines>
                <line number="53" hits="1" branch="False" />
              </lines>
            </method>
            <method name="remove_Disconnected" signature="(System.EventHandler)" line-rate="0" branch-rate="1" complexity="1">
              <lines>
                <line number="54" hits="0" branch="False" />
              </lines>
            </method>
            <method name="SendAsync" signature="(System.String,System.Threading.CancellationToken)" line-rate="1" branch-rate="1" complexity="1">
              <lines>
                <line number="68" hits="1" branch="False" />
                <line number="69" hits="1" branch="False" />
                <line number="70" hits="1" branch="False" />
              </lines>
            </method>
            <method name="ReceiveAsync" signature="(System.Threading.CancellationToken)" line-rate="1" branch-rate="1" complexity="1">
              <lines>
                <line number="73" hits="1" branch="False" />
                <line number="74" hits="1" branch="False" />
                <line number="75" hits="1" branch="False" />
              </lines>
            </method>
            <method name="Dispose" signature="()" line-rate="1" branch-rate="0.625" complexity="8">
              <lines>
                <line number="90" hits="1" branch="False" />
                <line number="91" hits="1" branch="True" condition-coverage="100% (2/2)">
                  <conditions>
                    <condition number="12" type="jump" coverage="100%" />
                  </conditions>
                </line>
                <line number="92" hits="1" branch="False" />
                <line number="93" hits="1" branch="True" condition-coverage="50% (1/2)">
                  <conditions>
                    <condition number="22" type="jump" coverage="50%" />
                  </conditions>
                </line>
                <line number="95" hits="1" branch="True" condition-coverage="50% (1/2)">
                  <conditions>
                    <condition number="50" type="jump" coverage="50%" />
                  </conditions>
                </line>
                <line number="96" hits="1" branch="True" condition-coverage="50% (1/2)">
                  <conditions>
                    <condition number="68" type="jump" coverage="50%" />
                  </conditions>
                </line>
                <line number="98" hits="1" branch="False" />
                <line number="99" hits="1" branch="False" />
                <line number="100" hits="1" branch="False" />
              </lines>
            </method>
            <method name=".ctor" signature="(NostrSure.Infrastructure.Client.Abstractions.IConnectionManager,NostrSure.Infrastructure.Client.Abstractions.IMessageReceiver,NostrSure.Infrastructure.Client.Abstractions.IMessageSender,NostrSure.Infrastructure.Client.Abstractions.IConnectionErrorHandler,NostrSure.Infrastructure.Client.Abstractions.IConnectionStateManager,Microsoft.Extensions.Logging.ILogger`1&lt;NostrSure.Infrastructure.Client.Implementation.WebSocketConnection&gt;)" line-rate="1" branch-rate="0.5" complexity="10">
              <lines>
                <line number="20" hits="2" branch="False" />
                <line number="21" hits="2" branch="False" />
                <line number="22" hits="2" branch="False" />
                <line number="23" hits="2" branch="False" />
                <line number="24" hits="2" branch="False" />
                <line number="25" hits="2" branch="False" />
                <line number="26" hits="2" branch="False" />
                <line number="27" hits="2" branch="False" />
                <line number="28" hits="2" branch="True" condition-coverage="50% (1/2)">
                  <conditions>
                    <condition number="11" type="jump" coverage="50%" />
                  </conditions>
                </line>
                <line number="29" hits="2" branch="True" condition-coverage="50% (1/2)">
                  <conditions>
                    <condition number="33" type="jump" coverage="50%" />
                  </conditions>
                </line>
                <line number="30" hits="2" branch="True" condition-coverage="50% (1/2)">
                  <conditions>
                    <condition number="55" type="jump" coverage="50%" />
                  </conditions>
                </line>
                <line number="31" hits="2" branch="True" condition-coverage="50% (1/2)">
                  <conditions>
                    <condition number="78" type="jump" coverage="50%" />
                  </conditions>
                </line>
                <line number="32" hits="2" branch="True" condition-coverage="50% (1/2)">
                  <conditions>
                    <condition number="101" type="jump" coverage="50%" />
                  </conditions>
                </line>
                <line number="33" hits="2" branch="False" />
                <line number="34" hits="2" branch="False" />
              </lines>
            </method>
          </methods>
          <lines>
            <line number="36" hits="2" branch="False" />
            <line number="41" hits="1" branch="False" />
            <line number="42" hits="0" branch="False" />
            <line number="47" hits="1" branch="False" />
            <line number="48" hits="0" branch="False" />
            <line number="53" hits="1" branch="False" />
            <line number="54" hits="0" branch="False" />
            <line number="68" hits="1" branch="False" />
            <line number="69" hits="1" branch="False" />
            <line number="70" hits="1" branch="False" />
            <line number="73" hits="1" branch="False" />
            <line number="74" hits="1" branch="False" />
            <line number="75" hits="1" branch="False" />
            <line number="90" hits="1" branch="False" />
            <line number="91" hits="1" branch="True" condition-coverage="100% (2/2)">
              <conditions>
                <condition number="12" type="jump" coverage="100%" />
              </conditions>
            </line>
            <line number="92" hits="1" branch="False" />
            <line number="93" hits="1" branch="True" condition-coverage="50% (1/2)">
              <conditions>
                <condition number="22" type="jump" coverage="50%" />
              </conditions>
            </line>
            <line number="95" hits="1" branch="True" condition-coverage="50% (1/2)">
              <conditions>
                <condition number="50" type="jump" coverage="50%" />
              </conditions>
            </line>
            <line number="96" hits="1" branch="True" condition-coverage="50% (1/2)">
              <conditions>
                <condition number="68" type="jump" coverage="50%" />
              </conditions>
            </line>
            <line number="98" hits="1" branch="False" />
            <line number="99" hits="1" branch="False" />
            <line number="100" hits="1" branch="False" />
            <line number="20" hits="2" branch="False" />
            <line number="21" hits="2" branch="False" />
            <line number="22" hits="2" branch="False" />
            <line number="23" hits="2" branch="False" />
            <line number="24" hits="2" branch="False" />
            <line number="25" hits="2" branch="False" />
            <line number="26" hits="2" branch="False" />
            <line number="27" hits="2" branch="False" />
            <line number="28" hits="2" branch="True" condition-coverage="50% (1/2)">
              <conditions>
                <condition number="11" type="jump" coverage="50%" />
              </conditions>
            </line>
            <line number="29" hits="2" branch="True" condition-coverage="50% (1/2)">
              <conditions>
                <condition number="33" type="jump" coverage="50%" />
              </conditions>
            </line>
            <line number="30" hits="2" branch="True" condition-coverage="50% (1/2)">
              <conditions>
                <condition number="55" type="jump" coverage="50%" />
              </conditions>
            </line>
            <line number="31" hits="2" branch="True" condition-coverage="50% (1/2)">
              <conditions>
                <condition number="78" type="jump" coverage="50%" />
              </conditions>
            </line>
            <line number="32" hits="2" branch="True" condition-coverage="50% (1/2)">
              <conditions>
                <condition number="101" type="jump" coverage="50%" />
              </conditions>
            </line>
            <line number="33" hits="2" branch="False" />
            <line number="34" hits="2" branch="False" />
          </lines>
        </class>
        <class name="NostrSure.Infrastructure.Client.Implementation.WebSocketConnection/&lt;CloseAsync&gt;d__22" filename="NostrSure.Infrastructure/Client/Implementation/WebSocketConnection.cs" line-rate="1" branch-rate="0.5" complexity="4">
          <methods>
            <method name="MoveNext" signature="()" line-rate="1" branch-rate="0.5" complexity="4">
              <lines>
                <line number="80" hits="1" branch="False" />
                <line number="81" hits="1" branch="True" condition-coverage="50% (1/2)">
                  <conditions>
                    <condition number="38" type="jump" coverage="50%" />
                  </conditions>
                </line>
                <line number="83" hits="1" branch="False" />
                <line number="84" hits="1" branch="False" />
                <line number="86" hits="1" branch="True" condition-coverage="50% (1/2)">
                  <conditions>
                    <condition number="298" type="jump" coverage="50%" />
                  </conditions>
                </line>
                <line number="87" hits="1" branch="False" />
              </lines>
            </method>
          </methods>
          <lines>
            <line number="80" hits="1" branch="False" />
            <line number="81" hits="1" branch="True" condition-coverage="50% (1/2)">
              <conditions>
                <condition number="38" type="jump" coverage="50%" />
              </conditions>
            </line>
            <line number="83" hits="1" branch="False" />
            <line number="84" hits="1" branch="False" />
            <line number="86" hits="1" branch="True" condition-coverage="50% (1/2)">
              <conditions>
                <condition number="298" type="jump" coverage="50%" />
              </conditions>
            </line>
            <line number="87" hits="1" branch="False" />
          </lines>
        </class>
        <class name="NostrSure.Infrastructure.Client.Implementation.WebSocketConnection/&lt;ConnectAsync&gt;d__19" filename="NostrSure.Infrastructure/Client/Implementation/WebSocketConnection.cs" line-rate="1" branch-rate="0.5" complexity="4">
          <methods>
            <method name="MoveNext" signature="()" line-rate="1" branch-rate="0.5" complexity="4">
              <lines>
                <line number="58" hits="1" branch="False" />
                <line number="59" hits="1" branch="True" condition-coverage="50% (1/2)">
                  <conditions>
                    <condition number="41" type="jump" coverage="50%" />
                  </conditions>
                </line>
                <line number="61" hits="1" branch="False" />
                <line number="62" hits="1" branch="False" />
                <line number="64" hits="1" branch="True" condition-coverage="50% (1/2)">
                  <conditions>
                    <condition number="311" type="jump" coverage="50%" />
                  </conditions>
                </line>
                <line number="65" hits="1" branch="False" />
              </lines>
            </method>
          </methods>
          <lines>
            <line number="58" hits="1" branch="False" />
            <line number="59" hits="1" branch="True" condition-coverage="50% (1/2)">
              <conditions>
                <condition number="41" type="jump" coverage="50%" />
              </conditions>
            </line>
            <line number="61" hits="1" branch="False" />
            <line number="62" hits="1" branch="False" />
            <line number="64" hits="1" branch="True" condition-coverage="50% (1/2)">
              <conditions>
                <condition number="311" type="jump" coverage="50%" />
              </conditions>
            </line>
            <line number="65" hits="1" branch="False" />
          </lines>
        </class>
        <class name="NostrSure.Infrastructure.Client.Implementation.WebSocketFactory" filename="NostrSure.Infrastructure/Client/Implementation/WebSocketFactory.cs" line-rate="1" branch-rate="0.5" complexity="14">
          <methods>
            <method name="Create" signature="()" line-rate="1" branch-rate="0.5" complexity="12">
              <lines>
                <line number="26" hits="1" branch="False" />
                <line number="28" hits="1" branch="False" />
                <line number="29" hits="1" branch="False" />
                <line number="32" hits="1" branch="True" condition-coverage="50% (1/2)">
                  <conditions>
                    <condition number="21" type="jump" coverage="50%" />
                  </conditions>
                </line>
                <line number="33" hits="1" branch="True" condition-coverage="50% (1/2)">
                  <conditions>
                    <condition number="45" type="jump" coverage="50%" />
                  </conditions>
                </line>
                <line number="34" hits="1" branch="True" condition-coverage="50% (1/2)">
                  <conditions>
                    <condition number="72" type="jump" coverage="50%" />
                  </conditions>
                </line>
                <line number="35" hits="1" branch="True" condition-coverage="50% (1/2)">
                  <conditions>
                    <condition number="106" type="jump" coverage="50%" />
                  </conditions>
                </line>
                <line number="36" hits="1" branch="True" condition-coverage="50% (1/2)">
                  <conditions>
                    <condition number="134" type="jump" coverage="50%" />
                  </conditions>
                </line>
                <line number="39" hits="1" branch="True" condition-coverage="50% (1/2)">
                  <conditions>
                    <condition number="167" type="jump" coverage="50%" />
                  </conditions>
                </line>
                <line number="40" hits="1" branch="False" />
                <line number="41" hits="1" branch="False" />
                <line number="42" hits="1" branch="False" />
                <line number="43" hits="1" branch="False" />
                <line number="44" hits="1" branch="False" />
                <line number="45" hits="1" branch="False" />
                <line number="46" hits="1" branch="False" />
              </lines>
            </method>
            <method name=".ctor" signature="(Microsoft.Extensions.Logging.ILoggerFactory,Microsoft.Extensions.ObjectPool.ObjectPool`1&lt;System.Text.StringBuilder&gt;)" line-rate="1" branch-rate="0.5" complexity="2">
              <lines>
                <line number="17" hits="7" branch="False" />
                <line number="18" hits="7" branch="False" />
                <line number="19" hits="7" branch="False" />
                <line number="20" hits="7" branch="False" />
                <line number="21" hits="7" branch="False" />
                <line number="22" hits="7" branch="True" condition-coverage="50% (1/2)">
                  <conditions>
                    <condition number="18" type="jump" coverage="50%" />
                  </conditions>
                </line>
                <line number="23" hits="7" branch="False" />
              </lines>
            </method>
          </methods>
          <lines>
            <line number="26" hits="1" branch="False" />
            <line number="28" hits="1" branch="False" />
            <line number="29" hits="1" branch="False" />
            <line number="32" hits="1" branch="True" condition-coverage="50% (1/2)">
              <conditions>
                <condition number="21" type="jump" coverage="50%" />
              </conditions>
            </line>
            <line number="33" hits="1" branch="True" condition-coverage="50% (1/2)">
              <conditions>
                <condition number="45" type="jump" coverage="50%" />
              </conditions>
            </line>
            <line number="34" hits="1" branch="True" condition-coverage="50% (1/2)">
              <conditions>
                <condition number="72" type="jump" coverage="50%" />
              </conditions>
            </line>
            <line number="35" hits="1" branch="True" condition-coverage="50% (1/2)">
              <conditions>
                <condition number="106" type="jump" coverage="50%" />
              </conditions>
            </line>
            <line number="36" hits="1" branch="True" condition-coverage="50% (1/2)">
              <conditions>
                <condition number="134" type="jump" coverage="50%" />
              </conditions>
            </line>
            <line number="39" hits="1" branch="True" condition-coverage="50% (1/2)">
              <conditions>
                <condition number="167" type="jump" coverage="50%" />
              </conditions>
            </line>
            <line number="40" hits="1" branch="False" />
            <line number="41" hits="1" branch="False" />
            <line number="42" hits="1" branch="False" />
            <line number="43" hits="1" branch="False" />
            <line number="44" hits="1" branch="False" />
            <line number="45" hits="1" branch="False" />
            <line number="46" hits="1" branch="False" />
            <line number="17" hits="7" branch="False" />
            <line number="18" hits="7" branch="False" />
            <line number="19" hits="7" branch="False" />
            <line number="20" hits="7" branch="False" />
            <line number="21" hits="7" branch="False" />
            <line number="22" hits="7" branch="True" condition-coverage="50% (1/2)">
              <conditions>
                <condition number="18" type="jump" coverage="50%" />
              </conditions>
            </line>
            <line number="23" hits="7" branch="False" />
          </lines>
        </class>
      </classes>
    </package>
  </packages>
</coverage>